[+] Containers:
 |- [+] Container: /Game/Levels/Game
 |   |- [+] ActorDescs:
 |   |   |- Guid:0BEB9DF04F7D0A5BE963A282B6D8C90B BaseClass: NativeClass:/Script/Urbs.LandHex Name:LandHex_UAID_B42E993051252E3402_1717503536 Label:LandHex SpatiallyLoaded:1 Bounds:IsValid=true, Min=(X=476.314 Y=175.000 Z=0.000), Max=(X=736.122 Y=425.000 Z=118.478) RuntimeGrid:None EditorOnly:0 RuntimeOnly:0 HLODRelevant:0 ListedInSceneOutliner:1 IsMainWorldOnly:0
 |   |   |- Guid:244FBC974D3B7EC4BE4C2695F957C413 BaseClass: NativeClass:/Script/Urbs.MountainHex Name:MountainHex_UAID_B42E993051252E3402_1717486526 Label:MountainHex SpatiallyLoaded:1 Bounds:IsValid=true, Min=(X=129.945 Y=-125.024 Z=0.000), Max=(X=389.753 Y=124.976 Z=182.677) RuntimeGrid:None EditorOnly:0 RuntimeOnly:0 HLODRelevant:0 ListedInSceneOutliner:1 IsMainWorldOnly:0
 |   |   |- Guid:2892C43640A4574419E4C19C01AD5530 BaseClass: NativeClass:/Script/Engine.WorldDataLayers Name:WorldDataLayers Label:WorldDataLayers SpatiallyLoaded:0 Bounds:Invalid RuntimeGrid:None EditorOnly:0 RuntimeOnly:0 HLODRelevant:0 ListedInSceneOutliner:1 IsMainWorldOnly:1
 |   |   |- Guid:29893781429A4FC1AC2AE5BF5E63F386 BaseClass: NativeClass:/Script/Urbs.SeaHex Name:SeaHex_UAID_B42E993051252E3402_1717504537 Label:SeaHex SpatiallyLoaded:1 Bounds:IsValid=true, Min=(X=-86.603 Y=350.000 Z=-0.000), Max=(X=86.603 Y=550.000 Z=100.000) RuntimeGrid:None EditorOnly:0 RuntimeOnly:0 HLODRelevant:0 ListedInSceneOutliner:1 IsMainWorldOnly:0
 |   |   |- Guid:2C37B0044AB76747A8EEF08FFCCEF540 BaseClass: NativeClass:/Script/Urbs.SeaHex Name:SeaHex_UAID_B42E993051252E3402_1717497532 Label:SeaHex SpatiallyLoaded:1 Bounds:IsValid=true, Min=(X=389.711 Y=25.000 Z=-0.000), Max=(X=649.519 Y=275.000 Z=100.000) RuntimeGrid:None EditorOnly:0 RuntimeOnly:0 HLODRelevant:0 ListedInSceneOutliner:1 IsMainWorldOnly:0
 |   |   |- Guid:3B0371A1421D589D43B410B51992482A BaseClass: NativeClass:/Script/Urbs.LandHex Name:LandHex_UAID_B42E993051252E3402_1717495531 Label:LandHex SpatiallyLoaded:1 Bounds:IsValid=true, Min=(X=216.506 Y=25.000 Z=0.000), Max=(X=476.314 Y=275.000 Z=118.478) RuntimeGrid:None EditorOnly:0 RuntimeOnly:0 HLODRelevant:0 ListedInSceneOutliner:1 IsMainWorldOnly:0
 |   |   |- Guid:43E774C34F14FE16943FD1854A46CF8A BaseClass: NativeClass:/Script/Urbs.SeaHex Name:SeaHex_UAID_B42E993051252E3402_1717507539 Label:SeaHex SpatiallyLoaded:1 Bounds:IsValid=true, Min=(X=259.808 Y=350.000 Z=-0.000), Max=(X=433.013 Y=550.000 Z=100.000) RuntimeGrid:None EditorOnly:0 RuntimeOnly:0 HLODRelevant:0 ListedInSceneOutliner:1 IsMainWorldOnly:0
 |   |   |- Guid:45B2DE3D4E78BF1CB66C6F84F0C5985F BaseClass: NativeClass:/Script/Urbs.MountainHex Name:MountainHex_UAID_B42E993051252E3402_1717483525 Label:MountainHex SpatiallyLoaded:1 Bounds:IsValid=true, Min=(X=0.000 Y=-100.048 Z=0.000), Max=(X=173.205 Y=99.952 Z=182.677) RuntimeGrid:None EditorOnly:0 RuntimeOnly:0 HLODRelevant:0 ListedInSceneOutliner:1 IsMainWorldOnly:0
 |   |   |- Guid:4BC32136431E813C71DFE79B72D57034 BaseClass: NativeClass:/Script/Urbs.SeaHex Name:SeaHex_UAID_B42E993051252E3402_1717505538 Label:SeaHex SpatiallyLoaded:1 Bounds:IsValid=true, Min=(X=43.301 Y=325.000 Z=-0.000), Max=(X=303.109 Y=575.000 Z=100.000) RuntimeGrid:None EditorOnly:0 RuntimeOnly:0 HLODRelevant:0 ListedInSceneOutliner:1 IsMainWorldOnly:0
 |   |   |- Guid:7EC4D07E4C215AED9F51AB9AE61CEAB3 BaseClass: NativeClass:/Script/Urbs.SeaHex Name:SeaHex_UAID_B42E993051252E3402_1717508540 Label:SeaHex SpatiallyLoaded:1 Bounds:IsValid=true, Min=(X=389.711 Y=325.000 Z=-0.000), Max=(X=649.519 Y=575.000 Z=100.000) RuntimeGrid:None EditorOnly:0 RuntimeOnly:0 HLODRelevant:0 ListedInSceneOutliner:1 IsMainWorldOnly:0
 |   |   |- Guid:85EFAC804717590F136B168474AFFB80 BaseClass: NativeClass:/Script/Urbs.LandHex Name:LandHex_UAID_B42E993051252E3402_1717493530 Label:LandHex SpatiallyLoaded:1 Bounds:IsValid=true, Min=(X=43.301 Y=25.000 Z=0.000), Max=(X=303.109 Y=275.000 Z=118.478) RuntimeGrid:None EditorOnly:0 RuntimeOnly:0 HLODRelevant:0 ListedInSceneOutliner:1 IsMainWorldOnly:0
 |   |   |- Guid:9C9095504F07D72AA2716E8A0C733F70 BaseClass: NativeClass:/Script/Urbs.MountainHex Name:MountainHex_UAID_B42E993051252E3402_1717490528 Label:MountainHex SpatiallyLoaded:1 Bounds:IsValid=true, Min=(X=476.272 Y=-124.976 Z=0.000), Max=(X=736.080 Y=125.024 Z=182.677) RuntimeGrid:None EditorOnly:0 RuntimeOnly:0 HLODRelevant:0 ListedInSceneOutliner:1 IsMainWorldOnly:0
 |   |   |- Guid:9EE382C6437B0C22C6ABF9A1304E7933 BaseClass: NativeClass:/Script/Urbs.LandHex Name:LandHex_UAID_B42E993051252E3402_1717492529 Label:LandHex SpatiallyLoaded:1 Bounds:IsValid=true, Min=(X=-129.904 Y=25.000 Z=0.000), Max=(X=129.904 Y=275.000 Z=118.478) RuntimeGrid:None EditorOnly:0 RuntimeOnly:0 HLODRelevant:0 ListedInSceneOutliner:1 IsMainWorldOnly:0
 |   |   |- Guid:A0B3499F44D1E88B191FBD93FB5BD831 BaseClass: NativeClass:/Script/Urbs.VillageHex Name:VillageHex_UAID_B42E993051252E3402_1717500534 Label:VillageHex SpatiallyLoaded:1 Bounds:IsValid=true, Min=(X=129.904 Y=175.000 Z=0.000), Max=(X=389.711 Y=425.000 Z=120.277) RuntimeGrid:None EditorOnly:0 RuntimeOnly:0 HLODRelevant:0 ListedInSceneOutliner:1 IsMainWorldOnly:0
 |   |   |- Guid:A7CFFAE1476089F5A46C8DA2A883CC39 BaseClass:/Game/Blueprints/BP_Tabletop.BP_Tabletop_C NativeClass:/Script/Urbs.Tabletop Name:BP_Tabletop_C_UAID_B42E993051252E3402_1179943503 Label:BP_Tabletop SpatiallyLoaded:1 Bounds:IsValid=true, Min=(X=0.000 Y=0.000 Z=0.000), Max=(X=0.000 Y=0.000 Z=0.000) RuntimeGrid:None EditorOnly:0 RuntimeOnly:0 HLODRelevant:0 ListedInSceneOutliner:1 IsMainWorldOnly:0
 |   |   |- Guid:B6105758422DE13D7883E3AB70A6DF86 BaseClass: NativeClass:/Script/Urbs.VillageHex Name:VillageHex_UAID_B42E993051252E3402_1717501535 Label:VillageHex SpatiallyLoaded:1 Bounds:IsValid=true, Min=(X=303.109 Y=175.000 Z=0.000), Max=(X=562.917 Y=425.000 Z=120.277) RuntimeGrid:None EditorOnly:0 RuntimeOnly:0 HLODRelevant:0 ListedInSceneOutliner:1 IsMainWorldOnly:0
 |   |   |- Guid:C5BBDACA4F151747AABBC69B932A1C4B BaseClass: NativeClass:/Script/Engine.DirectionalLight Name:DirectionalLight_UAID_B42E993051252E3402_1476500523 Label:DirectionalLight SpatiallyLoaded:0 Bounds:Invalid RuntimeGrid:None EditorOnly:0 RuntimeOnly:0 HLODRelevant:0 ListedInSceneOutliner:1 IsMainWorldOnly:0 FolderPath:Lighting FolderGuid:C37DE965429E8B76EC61C18EA3BD6F3E
 |   |   |- Guid:D18E0242465D9A328A0D23AC604C16B1 BaseClass: NativeClass:/Script/Engine.PlayerStart Name:PlayerStart_UAID_B42E993051252E3402_1731864541 Label:PlayerStart SpatiallyLoaded:0 Bounds:IsValid=true, Min=(X=230.000 Y=190.000 Z=120.000), Max=(X=310.000 Y=270.000 Z=304.000) RuntimeGrid:None EditorOnly:0 RuntimeOnly:0 HLODRelevant:0 ListedInSceneOutliner:1 IsMainWorldOnly:0
 |   |   |- Guid:DF0BB1214293B04285DC12A4B12A2B9A BaseClass: NativeClass:/Script/Urbs.LandHex Name:LandHex_UAID_B42E993051252E3402_1717499533 Label:LandHex SpatiallyLoaded:1 Bounds:IsValid=true, Min=(X=-43.301 Y=175.000 Z=0.000), Max=(X=216.506 Y=425.000 Z=118.478) RuntimeGrid:None EditorOnly:0 RuntimeOnly:0 HLODRelevant:0 ListedInSceneOutliner:1 IsMainWorldOnly:0
 |   |   |- Guid:F6238E084554989E94E4CF8F35D2542E BaseClass: NativeClass:/Script/Urbs.MountainHex Name:MountainHex_UAID_B42E993051252E3402_1717488527 Label:MountainHex SpatiallyLoaded:1 Bounds:IsValid=true, Min=(X=303.067 Y=-125.024 Z=0.000), Max=(X=562.875 Y=124.976 Z=182.677) RuntimeGrid:None EditorOnly:0 RuntimeOnly:0 HLODRelevant:0 ListedInSceneOutliner:1 IsMainWorldOnly:0
 |   |   |- Guid:FAEA2F794ECD500404AC53B6FA78001C BaseClass: NativeClass:/Script/Engine.PostProcessVolume Name:PostProcessVolume_UAID_B42E993051252E3402_1286341522 Label:PostProcessVolume SpatiallyLoaded:1 Bounds:IsValid=true, Min=(X=0.000 Y=0.000 Z=-190.000), Max=(X=200.000 Y=200.000 Z=10.000) RuntimeGrid:None EditorOnly:0 RuntimeOnly:0 HLODRelevant:0 ListedInSceneOutliner:1 IsMainWorldOnly:0 FolderPath:Lighting FolderGuid:C37DE965429E8B76EC61C18EA3BD6F3E
 |   |- [+] Clusters:
 |   |   |- [+] [  0]
 |   |   |   |- Guid:0BEB9DF04F7D0A5BE963A282B6D8C90B BaseClass: NativeClass:/Script/Urbs.LandHex Name:LandHex_UAID_B42E993051252E3402_1717503536 Label:LandHex SpatiallyLoaded:1 Bounds:IsValid=true, Min=(X=476.314 Y=175.000 Z=0.000), Max=(X=736.122 Y=425.000 Z=118.478) RuntimeGrid:None EditorOnly:0 RuntimeOnly:0 HLODRelevant:0 ListedInSceneOutliner:1 IsMainWorldOnly:0
 |   |   |- [+] [  1]
 |   |   |   |- Guid:244FBC974D3B7EC4BE4C2695F957C413 BaseClass: NativeClass:/Script/Urbs.MountainHex Name:MountainHex_UAID_B42E993051252E3402_1717486526 Label:MountainHex SpatiallyLoaded:1 Bounds:IsValid=true, Min=(X=129.945 Y=-125.024 Z=0.000), Max=(X=389.753 Y=124.976 Z=182.677) RuntimeGrid:None EditorOnly:0 RuntimeOnly:0 HLODRelevant:0 ListedInSceneOutliner:1 IsMainWorldOnly:0
 |   |   |- [+] [  2]
 |   |   |   |- Guid:2892C43640A4574419E4C19C01AD5530 BaseClass: NativeClass:/Script/Engine.WorldDataLayers Name:WorldDataLayers Label:WorldDataLayers SpatiallyLoaded:0 Bounds:Invalid RuntimeGrid:None EditorOnly:0 RuntimeOnly:0 HLODRelevant:0 ListedInSceneOutliner:1 IsMainWorldOnly:1
 |   |   |- [+] [  3]
 |   |   |   |- Guid:29893781429A4FC1AC2AE5BF5E63F386 BaseClass: NativeClass:/Script/Urbs.SeaHex Name:SeaHex_UAID_B42E993051252E3402_1717504537 Label:SeaHex SpatiallyLoaded:1 Bounds:IsValid=true, Min=(X=-86.603 Y=350.000 Z=-0.000), Max=(X=86.603 Y=550.000 Z=100.000) RuntimeGrid:None EditorOnly:0 RuntimeOnly:0 HLODRelevant:0 ListedInSceneOutliner:1 IsMainWorldOnly:0
 |   |   |- [+] [  4]
 |   |   |   |- Guid:2C37B0044AB76747A8EEF08FFCCEF540 BaseClass: NativeClass:/Script/Urbs.SeaHex Name:SeaHex_UAID_B42E993051252E3402_1717497532 Label:SeaHex SpatiallyLoaded:1 Bounds:IsValid=true, Min=(X=389.711 Y=25.000 Z=-0.000), Max=(X=649.519 Y=275.000 Z=100.000) RuntimeGrid:None EditorOnly:0 RuntimeOnly:0 HLODRelevant:0 ListedInSceneOutliner:1 IsMainWorldOnly:0
 |   |   |- [+] [  5]
 |   |   |   |- Guid:3B0371A1421D589D43B410B51992482A BaseClass: NativeClass:/Script/Urbs.LandHex Name:LandHex_UAID_B42E993051252E3402_1717495531 Label:LandHex SpatiallyLoaded:1 Bounds:IsValid=true, Min=(X=216.506 Y=25.000 Z=0.000), Max=(X=476.314 Y=275.000 Z=118.478) RuntimeGrid:None EditorOnly:0 RuntimeOnly:0 HLODRelevant:0 ListedInSceneOutliner:1 IsMainWorldOnly:0
 |   |   |- [+] [  6]
 |   |   |   |- Guid:43E774C34F14FE16943FD1854A46CF8A BaseClass: NativeClass:/Script/Urbs.SeaHex Name:SeaHex_UAID_B42E993051252E3402_1717507539 Label:SeaHex SpatiallyLoaded:1 Bounds:IsValid=true, Min=(X=259.808 Y=350.000 Z=-0.000), Max=(X=433.013 Y=550.000 Z=100.000) RuntimeGrid:None EditorOnly:0 RuntimeOnly:0 HLODRelevant:0 ListedInSceneOutliner:1 IsMainWorldOnly:0
 |   |   |- [+] [  7]
 |   |   |   |- Guid:45B2DE3D4E78BF1CB66C6F84F0C5985F BaseClass: NativeClass:/Script/Urbs.MountainHex Name:MountainHex_UAID_B42E993051252E3402_1717483525 Label:MountainHex SpatiallyLoaded:1 Bounds:IsValid=true, Min=(X=0.000 Y=-100.048 Z=0.000), Max=(X=173.205 Y=99.952 Z=182.677) RuntimeGrid:None EditorOnly:0 RuntimeOnly:0 HLODRelevant:0 ListedInSceneOutliner:1 IsMainWorldOnly:0
 |   |   |- [+] [  8]
 |   |   |   |- Guid:4BC32136431E813C71DFE79B72D57034 BaseClass: NativeClass:/Script/Urbs.SeaHex Name:SeaHex_UAID_B42E993051252E3402_1717505538 Label:SeaHex SpatiallyLoaded:1 Bounds:IsValid=true, Min=(X=43.301 Y=325.000 Z=-0.000), Max=(X=303.109 Y=575.000 Z=100.000) RuntimeGrid:None EditorOnly:0 RuntimeOnly:0 HLODRelevant:0 ListedInSceneOutliner:1 IsMainWorldOnly:0
 |   |   |- [+] [  9]
 |   |   |   |- Guid:7EC4D07E4C215AED9F51AB9AE61CEAB3 BaseClass: NativeClass:/Script/Urbs.SeaHex Name:SeaHex_UAID_B42E993051252E3402_1717508540 Label:SeaHex SpatiallyLoaded:1 Bounds:IsValid=true, Min=(X=389.711 Y=325.000 Z=-0.000), Max=(X=649.519 Y=575.000 Z=100.000) RuntimeGrid:None EditorOnly:0 RuntimeOnly:0 HLODRelevant:0 ListedInSceneOutliner:1 IsMainWorldOnly:0
 |   |   |- [+] [ 10]
 |   |   |   |- Guid:85EFAC804717590F136B168474AFFB80 BaseClass: NativeClass:/Script/Urbs.LandHex Name:LandHex_UAID_B42E993051252E3402_1717493530 Label:LandHex SpatiallyLoaded:1 Bounds:IsValid=true, Min=(X=43.301 Y=25.000 Z=0.000), Max=(X=303.109 Y=275.000 Z=118.478) RuntimeGrid:None EditorOnly:0 RuntimeOnly:0 HLODRelevant:0 ListedInSceneOutliner:1 IsMainWorldOnly:0
 |   |   |- [+] [ 11]
 |   |   |   |- Guid:9C9095504F07D72AA2716E8A0C733F70 BaseClass: NativeClass:/Script/Urbs.MountainHex Name:MountainHex_UAID_B42E993051252E3402_1717490528 Label:MountainHex SpatiallyLoaded:1 Bounds:IsValid=true, Min=(X=476.272 Y=-124.976 Z=0.000), Max=(X=736.080 Y=125.024 Z=182.677) RuntimeGrid:None EditorOnly:0 RuntimeOnly:0 HLODRelevant:0 ListedInSceneOutliner:1 IsMainWorldOnly:0
 |   |   |- [+] [ 12]
 |   |   |   |- Guid:9EE382C6437B0C22C6ABF9A1304E7933 BaseClass: NativeClass:/Script/Urbs.LandHex Name:LandHex_UAID_B42E993051252E3402_1717492529 Label:LandHex SpatiallyLoaded:1 Bounds:IsValid=true, Min=(X=-129.904 Y=25.000 Z=0.000), Max=(X=129.904 Y=275.000 Z=118.478) RuntimeGrid:None EditorOnly:0 RuntimeOnly:0 HLODRelevant:0 ListedInSceneOutliner:1 IsMainWorldOnly:0
 |   |   |- [+] [ 13]
 |   |   |   |- Guid:A0B3499F44D1E88B191FBD93FB5BD831 BaseClass: NativeClass:/Script/Urbs.VillageHex Name:VillageHex_UAID_B42E993051252E3402_1717500534 Label:VillageHex SpatiallyLoaded:1 Bounds:IsValid=true, Min=(X=129.904 Y=175.000 Z=0.000), Max=(X=389.711 Y=425.000 Z=120.277) RuntimeGrid:None EditorOnly:0 RuntimeOnly:0 HLODRelevant:0 ListedInSceneOutliner:1 IsMainWorldOnly:0
 |   |   |- [+] [ 14]
 |   |   |   |- Guid:A7CFFAE1476089F5A46C8DA2A883CC39 BaseClass:/Game/Blueprints/BP_Tabletop.BP_Tabletop_C NativeClass:/Script/Urbs.Tabletop Name:BP_Tabletop_C_UAID_B42E993051252E3402_1179943503 Label:BP_Tabletop SpatiallyLoaded:1 Bounds:IsValid=true, Min=(X=0.000 Y=0.000 Z=0.000), Max=(X=0.000 Y=0.000 Z=0.000) RuntimeGrid:None EditorOnly:0 RuntimeOnly:0 HLODRelevant:0 ListedInSceneOutliner:1 IsMainWorldOnly:0
 |   |   |- [+] [ 15]
 |   |   |   |- Guid:B6105758422DE13D7883E3AB70A6DF86 BaseClass: NativeClass:/Script/Urbs.VillageHex Name:VillageHex_UAID_B42E993051252E3402_1717501535 Label:VillageHex SpatiallyLoaded:1 Bounds:IsValid=true, Min=(X=303.109 Y=175.000 Z=0.000), Max=(X=562.917 Y=425.000 Z=120.277) RuntimeGrid:None EditorOnly:0 RuntimeOnly:0 HLODRelevant:0 ListedInSceneOutliner:1 IsMainWorldOnly:0
 |   |   |- [+] [ 16]
 |   |   |   |- Guid:C5BBDACA4F151747AABBC69B932A1C4B BaseClass: NativeClass:/Script/Engine.DirectionalLight Name:DirectionalLight_UAID_B42E993051252E3402_1476500523 Label:DirectionalLight SpatiallyLoaded:0 Bounds:Invalid RuntimeGrid:None EditorOnly:0 RuntimeOnly:0 HLODRelevant:0 ListedInSceneOutliner:1 IsMainWorldOnly:0 FolderPath:Lighting FolderGuid:C37DE965429E8B76EC61C18EA3BD6F3E
 |   |   |- [+] [ 17]
 |   |   |   |- Guid:D18E0242465D9A328A0D23AC604C16B1 BaseClass: NativeClass:/Script/Engine.PlayerStart Name:PlayerStart_UAID_B42E993051252E3402_1731864541 Label:PlayerStart SpatiallyLoaded:0 Bounds:IsValid=true, Min=(X=230.000 Y=190.000 Z=120.000), Max=(X=310.000 Y=270.000 Z=304.000) RuntimeGrid:None EditorOnly:0 RuntimeOnly:0 HLODRelevant:0 ListedInSceneOutliner:1 IsMainWorldOnly:0
 |   |   |- [+] [ 18]
 |   |   |   |- Guid:DF0BB1214293B04285DC12A4B12A2B9A BaseClass: NativeClass:/Script/Urbs.LandHex Name:LandHex_UAID_B42E993051252E3402_1717499533 Label:LandHex SpatiallyLoaded:1 Bounds:IsValid=true, Min=(X=-43.301 Y=175.000 Z=0.000), Max=(X=216.506 Y=425.000 Z=118.478) RuntimeGrid:None EditorOnly:0 RuntimeOnly:0 HLODRelevant:0 ListedInSceneOutliner:1 IsMainWorldOnly:0
 |   |   |- [+] [ 19]
 |   |   |   |- Guid:F6238E084554989E94E4CF8F35D2542E BaseClass: NativeClass:/Script/Urbs.MountainHex Name:MountainHex_UAID_B42E993051252E3402_1717488527 Label:MountainHex SpatiallyLoaded:1 Bounds:IsValid=true, Min=(X=303.067 Y=-125.024 Z=0.000), Max=(X=562.875 Y=124.976 Z=182.677) RuntimeGrid:None EditorOnly:0 RuntimeOnly:0 HLODRelevant:0 ListedInSceneOutliner:1 IsMainWorldOnly:0
 |   |   |- [+] [ 20]
 |   |   |   |- Guid:FAEA2F794ECD500404AC53B6FA78001C BaseClass: NativeClass:/Script/Engine.PostProcessVolume Name:PostProcessVolume_UAID_B42E993051252E3402_1286341522 Label:PostProcessVolume SpatiallyLoaded:1 Bounds:IsValid=true, Min=(X=0.000 Y=0.000 Z=-190.000), Max=(X=200.000 Y=200.000 Z=10.000) RuntimeGrid:None EditorOnly:0 RuntimeOnly:0 HLODRelevant:0 ListedInSceneOutliner:1 IsMainWorldOnly:0 FolderPath:Lighting FolderGuid:C37DE965429E8B76EC61C18EA3BD6F3E
 |- ContainerInstances:
 |- [+] MainContainer:
 |   |-        ID: 00000000000000000000000000000000
 |   |-  ParentID: 00000000000000000000000000000000
 |   |-    Bounds: IsValid=false, Min=(X=0.000 Y=0.000 Z=0.000), Max=(X=0.000 Y=0.000 Z=0.000)
 |   |- Transform: 0.000000,0.000000,0.000000|0.000000,0.000000,-0.000000|1.000000,1.000000,1.000000
 |   |- Container: /Game/Levels/Game
----------------------------------------------------------------------------------------------------------------
Game - Persistent Level
----------------------------------------------------------------------------------------------------------------
[+] Content of Game Persistent Level
 |- Always loaded Actor Count: 21 
 |- Actor Path: /Game/Levels/Game.Game:PersistentLevel.BP_Tabletop_C_UAID_B42E993051252E3402_1179943503
 |- Actor Package: /Game/__ExternalActors__/Levels/Game/2/M0/04LFGF6G17I94G5T5B7U3D
 |- Actor Path: /Game/Levels/Game.Game:PersistentLevel.DirectionalLight_UAID_B42E993051252E3402_1476500523
 |- Actor Package: /Game/__ExternalActors__/Levels/Game/3/SL/0Z2MTLPVBMWY5NG7TCVUSS
 |- Actor Path: /Game/Levels/Game.Game:PersistentLevel.LandHex_UAID_B42E993051252E3402_1717492529
 |- Actor Package: /Game/__ExternalActors__/Levels/Game/E/OS/V340ARXM6IKCVT2FJO3D6J
 |- Actor Path: /Game/Levels/Game.Game:PersistentLevel.LandHex_UAID_B42E993051252E3402_1717493530
 |- Actor Package: /Game/__ExternalActors__/Levels/Game/2/E1/5RHFKTOAKAYWGZDOSX4VBQ
 |- Actor Path: /Game/Levels/Game.Game:PersistentLevel.LandHex_UAID_B42E993051252E3402_1717495531
 |- Actor Package: /Game/__ExternalActors__/Levels/Game/9/9E/3ZEYAN6CSX93QAQ4MAS9NK
 |- Actor Path: /Game/Levels/Game.Game:PersistentLevel.LandHex_UAID_B42E993051252E3402_1717499533
 |- Actor Package: /Game/__ExternalActors__/Levels/Game/9/6B/757DQZ7R3XZSGFKY9BEELR
 |- Actor Path: /Game/Levels/Game.Game:PersistentLevel.LandHex_UAID_B42E993051252E3402_1717503536
 |- Actor Package: /Game/__ExternalActors__/Levels/Game/6/O9/LUKDDM69X19WFONZ1G6DRA
 |- Actor Path: /Game/Levels/Game.Game:PersistentLevel.MountainHex_UAID_B42E993051252E3402_1717483525
 |- Actor Package: /Game/__ExternalActors__/Levels/Game/A/JT/6E6PE32OVU2C7LUDEJ936S
 |- Actor Path: /Game/Levels/Game.Game:PersistentLevel.MountainHex_UAID_B42E993051252E3402_1717486526
 |- Actor Package: /Game/__ExternalActors__/Levels/Game/0/AJ/7HJ39OKTALXKQGWTLV88H0
 |- Actor Path: /Game/Levels/Game.Game:PersistentLevel.MountainHex_UAID_B42E993051252E3402_1717488527
 |- Actor Package: /Game/__ExternalActors__/Levels/Game/A/SI/LU7J5BN27F3HRVAE5ZM3Q7
 |- Actor Path: /Game/Levels/Game.Game:PersistentLevel.MountainHex_UAID_B42E993051252E3402_1717490528
 |- Actor Package: /Game/__ExternalActors__/Levels/Game/6/C5/CMSQMZY7ZUQGYY3P8ZS2YL
 |- Actor Path: /Game/Levels/Game.Game:PersistentLevel.PlayerStart_UAID_B42E993051252E3402_1731864541
 |- Actor Package: /Game/__ExternalActors__/Levels/Game/A/O5/GB45AJH8Q6VQQUQ8XYCZ6N
 |- Actor Path: /Game/Levels/Game.Game:PersistentLevel.PostProcessVolume_UAID_B42E993051252E3402_1286341522
 |- Actor Package: /Game/__ExternalActors__/Levels/Game/3/PU/QNYH139AJP6GD25WWHWEGB
 |- Actor Path: /Game/Levels/Game.Game:PersistentLevel.SeaHex_UAID_B42E993051252E3402_1717497532
 |- Actor Package: /Game/__ExternalActors__/Levels/Game/B/X5/10W2BA4QUSWNRD1H53O9RA
 |- Actor Path: /Game/Levels/Game.Game:PersistentLevel.SeaHex_UAID_B42E993051252E3402_1717504537
 |- Actor Package: /Game/__ExternalActors__/Levels/Game/8/E1/1HB33GDICE87ABQ7YA1L7S
 |- Actor Path: /Game/Levels/Game.Game:PersistentLevel.SeaHex_UAID_B42E993051252E3402_1717505538
 |- Actor Package: /Game/__ExternalActors__/Levels/Game/E/L0/GR6DY51OWBWLK538TS4Y09
 |- Actor Path: /Game/Levels/Game.Game:PersistentLevel.SeaHex_UAID_B42E993051252E3402_1717507539
 |- Actor Package: /Game/__ExternalActors__/Levels/Game/8/6P/C1EKLO277FD6173YMOT1JM
 |- Actor Path: /Game/Levels/Game.Game:PersistentLevel.SeaHex_UAID_B42E993051252E3402_1717508540
 |- Actor Package: /Game/__ExternalActors__/Levels/Game/3/M5/XP562K9JAY3XN5QN18U1OC
 |- Actor Path: /Game/Levels/Game.Game:PersistentLevel.VillageHex_UAID_B42E993051252E3402_1717500534
 |- Actor Package: /Game/__ExternalActors__/Levels/Game/E/NF/HJ091Y2PZ7E7F0K4JHGV4Q
 |- Actor Path: /Game/Levels/Game.Game:PersistentLevel.VillageHex_UAID_B42E993051252E3402_1717501535
 |- Actor Package: /Game/__ExternalActors__/Levels/Game/C/ES/DVDY3CRBGSR5KVKT8T2WC6
 |- Actor Path: /Game/Levels/Game.Game:PersistentLevel.WorldDataLayers
 |- Actor Package: /Game/__ExternalActors__/Levels/Game/4/AO/HNKMXIU0H3XGZC4N1XA6ZN

----------------------------------------------------------------------------------------------------------------
Game - Runtime Hash Set
----------------------------------------------------------------------------------------------------------------

